[error] java.nio.file.InvalidPathException: Illegal char <:> at index 36: C:\Users\JD Clothing pvt Ltd\.condaC:\Users\JD Clothing pvt Ltd\.conda\scripts
[error] 	at sun.nio.fs.WindowsPathParser.normalize(WindowsPathParser.java:182)
[error] 	at sun.nio.fs.WindowsPathParser.parse(WindowsPathParser.java:153)
[error] 	at sun.nio.fs.WindowsPathParser.parse(WindowsPathParser.java:77)
[error] 	at sun.nio.fs.WindowsPath.parse(WindowsPath.java:94)
[error] 	at sun.nio.fs.WindowsFileSystem.getPath(WindowsFileSystem.java:255)
[error] 	at java.io.File.toPath(File.java:2271)
[error] 	at sbt.internal.inc.classpath.ClasspathUtil$.$anonfun$javaLibraryPaths$1(ClasspathUtilities.scala:62)
[error] 	at scala.collection.TraversableLike.$anonfun$map$1(TraversableLike.scala:286)
[error] 	at scala.collection.IndexedSeqOptimized.foreach(IndexedSeqOptimized.scala:36)
[error] 	at scala.collection.IndexedSeqOptimized.foreach$(IndexedSeqOptimized.scala:33)
[error] 	at scala.collection.mutable.WrappedArray.foreach(WrappedArray.scala:38)
[error] 	at scala.collection.TraversableLike.map(TraversableLike.scala:286)
[error] 	at scala.collection.TraversableLike.map$(TraversableLike.scala:279)
[error] 	at scala.collection.AbstractTraversable.map(Traversable.scala:108)
[error] 	at sbt.internal.inc.classpath.ClasspathUtil$.javaLibraryPaths(ClasspathUtilities.scala:62)
[error] 	at sbt.internal.inc.classpath.ClasspathUtil$$anon$2.<init>(ClasspathUtilities.scala:50)
[error] 	at sbt.internal.inc.classpath.ClasspathUtil$.toLoader(ClasspathUtilities.scala:48)
[error] 	at sbt.internal.inc.classpath.ClasspathUtil$.makeLoader(ClasspathUtilities.scala:115)
[error] 	at sbt.internal.inc.classpath.ClasspathUtil$.makeLoader(ClasspathUtilities.scala:103)
[error] 	at sbt.Defaults$.$anonfun$consoleTask$1(Defaults.scala:2221)
[error] 	at sbt.Defaults$.$anonfun$consoleTask$1$adapted(Defaults.scala:2215)
[error] 	at scala.Function1.$anonfun$compose$1(Function1.scala:49)
[error] 	at sbt.internal.util.$tilde$greater.$anonfun$$u2219$1(TypeFunctions.scala:62)
[error] 	at sbt.std.Transform$$anon$4.work(Transform.scala:68)
[error] 	at sbt.Execute.$anonfun$submit$2(Execute.scala:282)
[error] 	at sbt.internal.util.ErrorHandling$.wideConvert(ErrorHandling.scala:23)
[error] 	at sbt.Execute.work(Execute.scala:291)
[error] 	at sbt.Execute.$anonfun$submit$1(Execute.scala:282)
[error] 	at sbt.ConcurrentRestrictions$$anon$4.$anonfun$submitValid$1(ConcurrentRestrictions.scala:265)
[error] 	at sbt.CompletionService$$anon$2.call(CompletionService.scala:64)
[error] 	at java.util.concurrent.FutureTask.run(FutureTask.java:266)
[error] 	at java.util.concurrent.Executors$RunnableAdapter.call(Executors.java:511)
[error] 	at java.util.concurrent.FutureTask.run(FutureTask.java:266)
[error] 	at java.util.concurrent.ThreadPoolExecutor.runWorker(ThreadPoolExecutor.java:1149)
[error] 	at java.util.concurrent.ThreadPoolExecutor$Worker.run(ThreadPoolExecutor.java:624)
[error] 	at java.lang.Thread.run(Thread.java:748)
[error] (Compile / console) java.nio.file.InvalidPathException: Illegal char <:> at index 36: C:\Users\JD Clothing pvt Ltd\.condaC:\Users\JD Clothing pvt Ltd\.conda\scripts
